# JRE version: Java(TM) SE Runtime Environment (8.0_144-b01) (build 1.8.0_144-b01)
# Java VM: Java HotSpot(TM) 64-Bit Server VM (25.144-b01 mixed mode windows-amd64 compressed oops)
Heap:
 PSYoungGen      total 253440K, used 60172K [0x00000000d5d80000, 0x00000000ecd80000, 0x0000000100000000)
  eden space 240128K, 19% used [0x00000000d5d80000,0x00000000d8b49980,0x00000000e4800000)
  from space 13312K, 99% used [0x00000000e4800000,0x00000000e54f99a8,0x00000000e5500000)
  to   space 16896K, 0% used [0x00000000ebd00000,0x00000000ebd00000,0x00000000ecd80000)
 ParOldGen       total 65024K, used 17910K [0x0000000081800000, 0x0000000085780000, 0x00000000d5d80000)
  object space 65024K, 27% used [0x0000000081800000,0x000000008297d900,0x0000000085780000)
 Metaspace       used 44561K, capacity 46773K, committed 46888K, reserved 1089536K
  class space    used 5713K, capacity 6151K, committed 6184K, reserved 1048576K
GC Heap History (10 events):
Event: 1.742 GC heap before
{Heap before GC invocations=7 (full 1):
 PSYoungGen      total 142848K, used 4227K [0x00000000d5d80000, 0x00000000df280000, 0x0000000100000000)
  eden space 133120K, 0% used [0x00000000d5d80000,0x00000000d5d80000,0x00000000ddf80000)
  from space 9728K, 43% used [0x00000000de900000,0x00000000ded20ea8,0x00000000df280000)
  to   space 9728K, 0% used [0x00000000ddf80000,0x00000000ddf80000,0x00000000de900000)
 ParOldGen       total 87552K, used 5881K [0x0000000081800000, 0x0000000086d80000, 0x00000000d5d80000)
  object space 87552K, 6% used [0x0000000081800000,0x0000000081dbe710,0x0000000086d80000)
 Metaspace       used 20693K, capacity 21176K, committed 21296K, reserved 1067008K
  class space    used 2743K, capacity 2880K, committed 2944K, reserved 1048576K
Event: 1.770 GC heap after
Heap after GC invocations=7 (full 1):
 PSYoungGen      total 142848K, used 0K [0x00000000d5d80000, 0x00000000df280000, 0x0000000100000000)
  eden space 133120K, 0% used [0x00000000d5d80000,0x00000000d5d80000,0x00000000ddf80000)
  from space 9728K, 0% used [0x00000000de900000,0x00000000de900000,0x00000000df280000)
  to   space 9728K, 0% used [0x00000000ddf80000,0x00000000ddf80000,0x00000000de900000)
 ParOldGen       total 45568K, used 4156K [0x0000000081800000, 0x0000000084480000, 0x00000000d5d80000)
  object space 45568K, 9% used [0x0000000081800000,0x0000000081c0f060,0x0000000084480000)
 Metaspace       used 20693K, capacity 21176K, committed 21296K, reserved 1067008K
  class space    used 2743K, capacity 2880K, committed 2944K, reserved 1048576K
}
Event: 3.523 GC heap before
{Heap before GC invocations=8 (full 1):
 PSYoungGen      total 142848K, used 133120K [0x00000000d5d80000, 0x00000000df280000, 0x0000000100000000)
  eden space 133120K, 100% used [0x00000000d5d80000,0x00000000ddf80000,0x00000000ddf80000)
  from space 9728K, 0% used [0x00000000de900000,0x00000000de900000,0x00000000df280000)
  to   space 9728K, 0% used [0x00000000ddf80000,0x00000000ddf80000,0x00000000de900000)
 ParOldGen       total 45568K, used 4156K [0x0000000081800000, 0x0000000084480000, 0x00000000d5d80000)
  object space 45568K, 9% used [0x0000000081800000,0x0000000081c0f060,0x0000000084480000)
 Metaspace       used 31153K, capacity 32178K, committed 32384K, reserved 1077248K
  class space    used 4157K, capacity 4389K, committed 4480K, reserved 1048576K
Event: 3.546 GC heap after
Heap after GC invocations=8 (full 1):
 PSYoungGen      total 142848K, used 9720K [0x00000000d5d80000, 0x00000000e6480000, 0x0000000100000000)
  eden space 133120K, 0% used [0x00000000d5d80000,0x00000000d5d80000,0x00000000ddf80000)
  from space 9728K, 99% used [0x00000000ddf80000,0x00000000de8fe210,0x00000000de900000)
  to   space 12800K, 0% used [0x00000000e5800000,0x00000000e5800000,0x00000000e6480000)
 ParOldGen       total 45568K, used 7679K [0x0000000081800000, 0x0000000084480000, 0x00000000d5d80000)
  object space 45568K, 16% used [0x0000000081800000,0x0000000081f7fd48,0x0000000084480000)
 Metaspace       used 31153K, capacity 32178K, committed 32384K, reserved 1077248K
  class space    used 4157K, capacity 4389K, committed 4480K, reserved 1048576K
}
Event: 4.351 GC heap before
{Heap before GC invocations=9 (full 1):
 PSYoungGen      total 142848K, used 74908K [0x00000000d5d80000, 0x00000000e6480000, 0x0000000100000000)
  eden space 133120K, 48% used [0x00000000d5d80000,0x00000000d9d291a8,0x00000000ddf80000)
  from space 9728K, 99% used [0x00000000ddf80000,0x00000000de8fe210,0x00000000de900000)
  to   space 12800K, 0% used [0x00000000e5800000,0x00000000e5800000,0x00000000e6480000)
 ParOldGen       total 45568K, used 7679K [0x0000000081800000, 0x0000000084480000, 0x00000000d5d80000)
  object space 45568K, 16% used [0x0000000081800000,0x0000000081f7fd48,0x0000000084480000)
 Metaspace       used 34076K, capacity 35485K, committed 35496K, reserved 1079296K
  class space    used 4522K, capacity 4776K, committed 4776K, reserved 1048576K
Event: 4.364 GC heap after
Heap after GC invocations=9 (full 1):
 PSYoungGen      total 249856K, used 9751K [0x00000000d5d80000, 0x00000000e6200000, 0x0000000100000000)
  eden space 239616K, 0% used [0x00000000d5d80000,0x00000000d5d80000,0x00000000e4780000)
  from space 10240K, 95% used [0x00000000e5800000,0x00000000e6185fe8,0x00000000e6200000)
  to   space 13312K, 0% used [0x00000000e4800000,0x00000000e4800000,0x00000000e5500000)
 ParOldGen       total 45568K, used 7687K [0x0000000081800000, 0x0000000084480000, 0x00000000d5d80000)
  object space 45568K, 16% used [0x0000000081800000,0x0000000081f81d48,0x0000000084480000)
 Metaspace       used 34076K, capacity 35485K, committed 35496K, reserved 1079296K
  class space    used 4522K, capacity 4776K, committed 4776K, reserved 1048576K
}
Event: 4.364 GC heap before
{Heap before GC invocations=10 (full 2):
 PSYoungGen      total 249856K, used 9751K [0x00000000d5d80000, 0x00000000e6200000, 0x0000000100000000)
  eden space 239616K, 0% used [0x00000000d5d80000,0x00000000d5d80000,0x00000000e4780000)
  from space 10240K, 95% used [0x00000000e5800000,0x00000000e6185fe8,0x00000000e6200000)
  to   space 13312K, 0% used [0x00000000e4800000,0x00000000e4800000,0x00000000e5500000)
 ParOldGen       total 45568K, used 7687K [0x0000000081800000, 0x0000000084480000, 0x00000000d5d80000)
  object space 45568K, 16% used [0x0000000081800000,0x0000000081f81d48,0x0000000084480000)
 Metaspace       used 34076K, capacity 35485K, committed 35496K, reserved 1079296K
  class space    used 4522K, capacity 4776K, committed 4776K, reserved 1048576K
Event: 4.427 GC heap after
Heap after GC invocations=10 (full 2):
 PSYoungGen      total 249856K, used 0K [0x00000000d5d80000, 0x00000000e6200000, 0x0000000100000000)
  eden space 239616K, 0% used [0x00000000d5d80000,0x00000000d5d80000,0x00000000e4780000)
  from space 10240K, 0% used [0x00000000e5800000,0x00000000e5800000,0x00000000e6200000)
  to   space 13312K, 0% used [0x00000000e4800000,0x00000000e4800000,0x00000000e5500000)
 ParOldGen       total 65024K, used 13722K [0x0000000081800000, 0x0000000085780000, 0x00000000d5d80000)
  object space 65024K, 21% used [0x0000000081800000,0x0000000082566a70,0x0000000085780000)
 Metaspace       used 34076K, capacity 35485K, committed 35496K, reserved 1079296K
  class space    used 4522K, capacity 4776K, committed 4776K, reserved 1048576K
}
Event: 8.439 GC heap before
{Heap before GC invocations=11 (full 2):
 PSYoungGen      total 249856K, used 239616K [0x00000000d5d80000, 0x00000000e6200000, 0x0000000100000000)
  eden space 239616K, 100% used [0x00000000d5d80000,0x00000000e4780000,0x00000000e4780000)
  from space 10240K, 0% used [0x00000000e5800000,0x00000000e5800000,0x00000000e6200000)
  to   space 13312K, 0% used [0x00000000e4800000,0x00000000e4800000,0x00000000e5500000)
 ParOldGen       total 65024K, used 13722K [0x0000000081800000, 0x0000000085780000, 0x00000000d5d80000)
  object space 65024K, 21% used [0x0000000081800000,0x0000000082566a70,0x0000000085780000)
 Metaspace       used 42317K, capacity 44319K, committed 44584K, reserved 1087488K
  class space    used 5486K, capacity 5854K, committed 5928K, reserved 1048576K
Event: 8.509 GC heap after
Heap after GC invocations=11 (full 2):
 PSYoungGen      total 253440K, used 13286K [0x00000000d5d80000, 0x00000000ecd80000, 0x0000000100000000)
  eden space 240128K, 0% used [0x00000000d5d80000,0x00000000d5d80000,0x00000000e4800000)
  from space 13312K, 99% used [0x00000000e4800000,0x00000000e54f99a8,0x00000000e5500000)
  to   space 16896K, 0% used [0x00000000ebd00000,0x00000000ebd00000,0x00000000ecd80000)
 ParOldGen       total 65024K, used 17910K [0x0000000081800000, 0x0000000085780000, 0x00000000d5d80000)
  object space 65024K, 27% used [0x0000000081800000,0x000000008297d900,0x0000000085780000)
 Metaspace       used 42317K, capacity 44319K, committed 44584K, reserved 1087488K
  class space    used 5486K, capacity 5854K, committed 5928K, reserved 1048576K
}

