# JRE version: Java(TM) SE Runtime Environment (8.0_144-b01) (build 1.8.0_144-b01)
# Java VM: Java HotSpot(TM) 64-Bit Server VM (25.144-b01 mixed mode windows-amd64 compressed oops)
Heap:
 PSYoungGen      total 273408K, used 148655K [0x00000000d5d80000, 0x00000000ee200000, 0x0000000100000000)
  eden space 259072K, 57% used [0x00000000d5d80000,0x00000000deeabef0,0x00000000e5a80000)
  from space 14336K, 0% used [0x00000000e5a80000,0x00000000e5a80000,0x00000000e6880000)
  to   space 14336K, 0% used [0x00000000ed400000,0x00000000ed400000,0x00000000ee200000)
 ParOldGen       total 52736K, used 14064K [0x0000000081800000, 0x0000000084b80000, 0x00000000d5d80000)
  object space 52736K, 26% used [0x0000000081800000,0x00000000825bc368,0x0000000084b80000)
 Metaspace       used 40067K, capacity 41691K, committed 42024K, reserved 1085440K
  class space    used 5258K, capacity 5580K, committed 5672K, reserved 1048576K
GC Heap History (10 events):
Event: 1.748 GC heap before
{Heap before GC invocations=5 (full 0):
 PSYoungGen      total 138240K, used 9443K [0x00000000d5d80000, 0x00000000de980000, 0x0000000100000000)
  eden space 133120K, 3% used [0x00000000d5d80000,0x00000000d61c0f28,0x00000000ddf80000)
  from space 5120K, 99% used [0x00000000de480000,0x00000000de978008,0x00000000de980000)
  to   space 5120K, 0% used [0x00000000ddf80000,0x00000000ddf80000,0x00000000de480000)
 ParOldGen       total 87552K, used 7671K [0x0000000081800000, 0x0000000086d80000, 0x00000000d5d80000)
  object space 87552K, 8% used [0x0000000081800000,0x0000000081f7de28,0x0000000086d80000)
 Metaspace       used 20670K, capacity 21118K, committed 21296K, reserved 1067008K
  class space    used 2729K, capacity 2867K, committed 2944K, reserved 1048576K
Event: 1.757 GC heap after
Heap after GC invocations=5 (full 0):
 PSYoungGen      total 138240K, used 4406K [0x00000000d5d80000, 0x00000000e7680000, 0x0000000100000000)
  eden space 133120K, 0% used [0x00000000d5d80000,0x00000000d5d80000,0x00000000ddf80000)
  from space 5120K, 86% used [0x00000000ddf80000,0x00000000de3cdb20,0x00000000de480000)
  to   space 10752K, 0% used [0x00000000e6c00000,0x00000000e6c00000,0x00000000e7680000)
 ParOldGen       total 87552K, used 7679K [0x0000000081800000, 0x0000000086d80000, 0x00000000d5d80000)
  object space 87552K, 8% used [0x0000000081800000,0x0000000081f7fe28,0x0000000086d80000)
 Metaspace       used 20670K, capacity 21118K, committed 21296K, reserved 1067008K
  class space    used 2729K, capacity 2867K, committed 2944K, reserved 1048576K
}
Event: 1.757 GC heap before
{Heap before GC invocations=6 (full 1):
 PSYoungGen      total 138240K, used 4406K [0x00000000d5d80000, 0x00000000e7680000, 0x0000000100000000)
  eden space 133120K, 0% used [0x00000000d5d80000,0x00000000d5d80000,0x00000000ddf80000)
  from space 5120K, 86% used [0x00000000ddf80000,0x00000000de3cdb20,0x00000000de480000)
  to   space 10752K, 0% used [0x00000000e6c00000,0x00000000e6c00000,0x00000000e7680000)
 ParOldGen       total 87552K, used 7679K [0x0000000081800000, 0x0000000086d80000, 0x00000000d5d80000)
  object space 87552K, 8% used [0x0000000081800000,0x0000000081f7fe28,0x0000000086d80000)
 Metaspace       used 20670K, capacity 21118K, committed 21296K, reserved 1067008K
  class space    used 2729K, capacity 2867K, committed 2944K, reserved 1048576K
Event: 1.797 GC heap after
Heap after GC invocations=6 (full 1):
 PSYoungGen      total 138240K, used 0K [0x00000000d5d80000, 0x00000000e7680000, 0x0000000100000000)
  eden space 133120K, 0% used [0x00000000d5d80000,0x00000000d5d80000,0x00000000ddf80000)
  from space 5120K, 0% used [0x00000000ddf80000,0x00000000ddf80000,0x00000000de480000)
  to   space 10752K, 0% used [0x00000000e6c00000,0x00000000e6c00000,0x00000000e7680000)
 ParOldGen       total 52736K, used 4788K [0x0000000081800000, 0x0000000084b80000, 0x00000000d5d80000)
  object space 52736K, 9% used [0x0000000081800000,0x0000000081cad338,0x0000000084b80000)
 Metaspace       used 20670K, capacity 21118K, committed 21296K, reserved 1067008K
  class space    used 2729K, capacity 2867K, committed 2944K, reserved 1048576K
}
Event: 3.833 GC heap before
{Heap before GC invocations=7 (full 1):
 PSYoungGen      total 138240K, used 133120K [0x00000000d5d80000, 0x00000000e7680000, 0x0000000100000000)
  eden space 133120K, 100% used [0x00000000d5d80000,0x00000000ddf80000,0x00000000ddf80000)
  from space 5120K, 0% used [0x00000000ddf80000,0x00000000ddf80000,0x00000000de480000)
  to   space 10752K, 0% used [0x00000000e6c00000,0x00000000e6c00000,0x00000000e7680000)
 ParOldGen       total 52736K, used 4788K [0x0000000081800000, 0x0000000084b80000, 0x00000000d5d80000)
  object space 52736K, 9% used [0x0000000081800000,0x0000000081cad338,0x0000000084b80000)
 Metaspace       used 31268K, capacity 32402K, committed 32640K, reserved 1077248K
  class space    used 4168K, capacity 4421K, committed 4480K, reserved 1048576K
Event: 3.857 GC heap after
Heap after GC invocations=7 (full 1):
 PSYoungGen      total 234496K, used 10732K [0x00000000d5d80000, 0x00000000e7680000, 0x0000000100000000)
  eden space 223744K, 0% used [0x00000000d5d80000,0x00000000d5d80000,0x00000000e3800000)
  from space 10752K, 99% used [0x00000000e6c00000,0x00000000e767b3f0,0x00000000e7680000)
  to   space 14336K, 0% used [0x00000000e5a80000,0x00000000e5a80000,0x00000000e6880000)
 ParOldGen       total 52736K, used 7311K [0x0000000081800000, 0x0000000084b80000, 0x00000000d5d80000)
  object space 52736K, 13% used [0x0000000081800000,0x0000000081f23c68,0x0000000084b80000)
 Metaspace       used 31268K, capacity 32402K, committed 32640K, reserved 1077248K
  class space    used 4168K, capacity 4421K, committed 4480K, reserved 1048576K
}
Event: 4.688 GC heap before
{Heap before GC invocations=8 (full 1):
 PSYoungGen      total 234496K, used 76991K [0x00000000d5d80000, 0x00000000e7680000, 0x0000000100000000)
  eden space 223744K, 29% used [0x00000000d5d80000,0x00000000d9e34820,0x00000000e3800000)
  from space 10752K, 99% used [0x00000000e6c00000,0x00000000e767b3f0,0x00000000e7680000)
  to   space 14336K, 0% used [0x00000000e5a80000,0x00000000e5a80000,0x00000000e6880000)
 ParOldGen       total 52736K, used 7311K [0x0000000081800000, 0x0000000084b80000, 0x00000000d5d80000)
  object space 52736K, 13% used [0x0000000081800000,0x0000000081f23c68,0x0000000084b80000)
 Metaspace       used 34107K, capacity 35485K, committed 35496K, reserved 1079296K
  class space    used 4521K, capacity 4776K, committed 4776K, reserved 1048576K
Event: 4.708 GC heap after
Heap after GC invocations=8 (full 1):
 PSYoungGen      total 273408K, used 9589K [0x00000000d5d80000, 0x00000000ee200000, 0x0000000100000000)
  eden space 259072K, 0% used [0x00000000d5d80000,0x00000000d5d80000,0x00000000e5a80000)
  from space 14336K, 66% used [0x00000000e5a80000,0x00000000e63dd7c8,0x00000000e6880000)
  to   space 14336K, 0% used [0x00000000ed400000,0x00000000ed400000,0x00000000ee200000)
 ParOldGen       total 52736K, used 7383K [0x0000000081800000, 0x0000000084b80000, 0x00000000d5d80000)
  object space 52736K, 14% used [0x0000000081800000,0x0000000081f35c78,0x0000000084b80000)
 Metaspace       used 34107K, capacity 35485K, committed 35496K, reserved 1079296K
  class space    used 4521K, capacity 4776K, committed 4776K, reserved 1048576K
}
Event: 4.708 GC heap before
{Heap before GC invocations=9 (full 2):
 PSYoungGen      total 273408K, used 9589K [0x00000000d5d80000, 0x00000000ee200000, 0x0000000100000000)
  eden space 259072K, 0% used [0x00000000d5d80000,0x00000000d5d80000,0x00000000e5a80000)
  from space 14336K, 66% used [0x00000000e5a80000,0x00000000e63dd7c8,0x00000000e6880000)
  to   space 14336K, 0% used [0x00000000ed400000,0x00000000ed400000,0x00000000ee200000)
 ParOldGen       total 52736K, used 7383K [0x0000000081800000, 0x0000000084b80000, 0x00000000d5d80000)
  object space 52736K, 14% used [0x0000000081800000,0x0000000081f35c78,0x0000000084b80000)
 Metaspace       used 34107K, capacity 35485K, committed 35496K, reserved 1079296K
  class space    used 4521K, capacity 4776K, committed 4776K, reserved 1048576K
Event: 4.844 GC heap after
Heap after GC invocations=9 (full 2):
 PSYoungGen      total 273408K, used 0K [0x00000000d5d80000, 0x00000000ee200000, 0x0000000100000000)
  eden space 259072K, 0% used [0x00000000d5d80000,0x00000000d5d80000,0x00000000e5a80000)
  from space 14336K, 0% used [0x00000000e5a80000,0x00000000e5a80000,0x00000000e6880000)
  to   space 14336K, 0% used [0x00000000ed400000,0x00000000ed400000,0x00000000ee200000)
 ParOldGen       total 52736K, used 14064K [0x0000000081800000, 0x0000000084b80000, 0x00000000d5d80000)
  object space 52736K, 26% used [0x0000000081800000,0x00000000825bc368,0x0000000084b80000)
 Metaspace       used 34107K, capacity 35485K, committed 35496K, reserved 1079296K
  class space    used 4521K, capacity 4776K, committed 4776K, reserved 1048576K
}

