# JRE version: Java(TM) SE Runtime Environment (8.0_144-b01) (build 1.8.0_144-b01)
# Java VM: Java HotSpot(TM) 64-Bit Server VM (25.144-b01 mixed mode windows-amd64 compressed oops)
Heap:
 PSYoungGen      total 211968K, used 13433K [0x00000000d5d80000, 0x00000000e3780000, 0x0000000100000000)
  eden space 200704K, 6% used [0x00000000d5d80000,0x00000000d6a9e558,0x00000000e2180000)
  from space 11264K, 0% used [0x00000000e2180000,0x00000000e2180000,0x00000000e2c80000)
  to   space 10752K, 0% used [0x00000000e2d00000,0x00000000e2d00000,0x00000000e3780000)
 ParOldGen       total 78336K, used 26036K [0x0000000081800000, 0x0000000086480000, 0x00000000d5d80000)
  object space 78336K, 33% used [0x0000000081800000,0x000000008316d3e8,0x0000000086480000)
 Metaspace       used 57989K, capacity 60571K, committed 60696K, reserved 1101824K
  class space    used 7751K, capacity 8226K, committed 8232K, reserved 1048576K
GC Heap History (10 events):
Event: 26.115 GC heap before
{Heap before GC invocations=12 (full 2):
 PSYoungGen      total 211456K, used 6070K [0x00000000d5d80000, 0x00000000e3780000, 0x0000000100000000)
  eden space 200704K, 0% used [0x00000000d5d80000,0x00000000d5d80000,0x00000000e2180000)
  from space 10752K, 56% used [0x00000000e2d00000,0x00000000e32edbf8,0x00000000e3780000)
  to   space 11264K, 0% used [0x00000000e2180000,0x00000000e2180000,0x00000000e2c80000)
 ParOldGen       total 40960K, used 11556K [0x0000000081800000, 0x0000000084000000, 0x00000000d5d80000)
  object space 40960K, 28% used [0x0000000081800000,0x0000000082349108,0x0000000084000000)
 Metaspace       used 34104K, capacity 35489K, committed 35496K, reserved 1079296K
  class space    used 4521K, capacity 4776K, committed 4776K, reserved 1048576K
Event: 26.216 GC heap after
Heap after GC invocations=12 (full 2):
 PSYoungGen      total 211456K, used 0K [0x00000000d5d80000, 0x00000000e3780000, 0x0000000100000000)
  eden space 200704K, 0% used [0x00000000d5d80000,0x00000000d5d80000,0x00000000e2180000)
  from space 10752K, 0% used [0x00000000e2d00000,0x00000000e2d00000,0x00000000e3780000)
  to   space 11264K, 0% used [0x00000000e2180000,0x00000000e2180000,0x00000000e2c80000)
 ParOldGen       total 54272K, used 12438K [0x0000000081800000, 0x0000000084d00000, 0x00000000d5d80000)
  object space 54272K, 22% used [0x0000000081800000,0x0000000082425970,0x0000000084d00000)
 Metaspace       used 34104K, capacity 35489K, committed 35496K, reserved 1079296K
  class space    used 4521K, capacity 4776K, committed 4776K, reserved 1048576K
}
Event: 35.397 GC heap before
{Heap before GC invocations=13 (full 2):
 PSYoungGen      total 211456K, used 200704K [0x00000000d5d80000, 0x00000000e3780000, 0x0000000100000000)
  eden space 200704K, 100% used [0x00000000d5d80000,0x00000000e2180000,0x00000000e2180000)
  from space 10752K, 0% used [0x00000000e2d00000,0x00000000e2d00000,0x00000000e3780000)
  to   space 11264K, 0% used [0x00000000e2180000,0x00000000e2180000,0x00000000e2c80000)
 ParOldGen       total 54272K, used 12438K [0x0000000081800000, 0x0000000084d00000, 0x00000000d5d80000)
  object space 54272K, 22% used [0x0000000081800000,0x0000000082425970,0x0000000084d00000)
 Metaspace       used 41998K, capacity 43825K, committed 43944K, reserved 1087488K
  class space    used 5441K, capacity 5771K, committed 5800K, reserved 1048576K
Event: 35.451 GC heap after
Heap after GC invocations=13 (full 2):
 PSYoungGen      total 211968K, used 11237K [0x00000000d5d80000, 0x00000000e3780000, 0x0000000100000000)
  eden space 200704K, 0% used [0x00000000d5d80000,0x00000000d5d80000,0x00000000e2180000)
  from space 11264K, 99% used [0x00000000e2180000,0x00000000e2c79680,0x00000000e2c80000)
  to   space 10752K, 0% used [0x00000000e2d00000,0x00000000e2d00000,0x00000000e3780000)
 ParOldGen       total 54272K, used 18081K [0x0000000081800000, 0x0000000084d00000, 0x00000000d5d80000)
  object space 54272K, 33% used [0x0000000081800000,0x00000000829a87d8,0x0000000084d00000)
 Metaspace       used 41998K, capacity 43825K, committed 43944K, reserved 1087488K
  class space    used 5441K, capacity 5771K, committed 5800K, reserved 1048576K
}
Event: 42.720 GC heap before
{Heap before GC invocations=14 (full 2):
 PSYoungGen      total 211968K, used 211941K [0x00000000d5d80000, 0x00000000e3780000, 0x0000000100000000)
  eden space 200704K, 100% used [0x00000000d5d80000,0x00000000e2180000,0x00000000e2180000)
  from space 11264K, 99% used [0x00000000e2180000,0x00000000e2c79680,0x00000000e2c80000)
  to   space 10752K, 0% used [0x00000000e2d00000,0x00000000e2d00000,0x00000000e3780000)
 ParOldGen       total 54272K, used 18081K [0x0000000081800000, 0x0000000084d00000, 0x00000000d5d80000)
  object space 54272K, 33% used [0x0000000081800000,0x00000000829a87d8,0x0000000084d00000)
 Metaspace       used 56265K, capacity 58491K, committed 58664K, reserved 1099776K
  class space    used 7506K, capacity 7934K, committed 7976K, reserved 1048576K
Event: 42.747 GC heap after
Heap after GC invocations=14 (full 2):
 PSYoungGen      total 211456K, used 10729K [0x00000000d5d80000, 0x00000000e3780000, 0x0000000100000000)
  eden space 200704K, 0% used [0x00000000d5d80000,0x00000000d5d80000,0x00000000e2180000)
  from space 10752K, 99% used [0x00000000e2d00000,0x00000000e377a5d0,0x00000000e3780000)
  to   space 11264K, 0% used [0x00000000e2180000,0x00000000e2180000,0x00000000e2c80000)
 ParOldGen       total 54272K, used 30299K [0x0000000081800000, 0x0000000084d00000, 0x00000000d5d80000)
  object space 54272K, 55% used [0x0000000081800000,0x0000000083596d70,0x0000000084d00000)
 Metaspace       used 56265K, capacity 58491K, committed 58664K, reserved 1099776K
  class space    used 7506K, capacity 7934K, committed 7976K, reserved 1048576K
}
Event: 43.085 GC heap before
{Heap before GC invocations=15 (full 2):
 PSYoungGen      total 211456K, used 20773K [0x00000000d5d80000, 0x00000000e3780000, 0x0000000100000000)
  eden space 200704K, 5% used [0x00000000d5d80000,0x00000000d674f118,0x00000000e2180000)
  from space 10752K, 99% used [0x00000000e2d00000,0x00000000e377a5d0,0x00000000e3780000)
  to   space 11264K, 0% used [0x00000000e2180000,0x00000000e2180000,0x00000000e2c80000)
 ParOldGen       total 54272K, used 30299K [0x0000000081800000, 0x0000000084d00000, 0x00000000d5d80000)
  object space 54272K, 55% used [0x0000000081800000,0x0000000083596d70,0x0000000084d00000)
 Metaspace       used 56644K, capacity 58943K, committed 59160K, reserved 1099776K
  class space    used 7548K, capacity 7974K, committed 7976K, reserved 1048576K
Event: 43.103 GC heap after
Heap after GC invocations=15 (full 2):
 PSYoungGen      total 211968K, used 950K [0x00000000d5d80000, 0x00000000e3780000, 0x0000000100000000)
  eden space 200704K, 0% used [0x00000000d5d80000,0x00000000d5d80000,0x00000000e2180000)
  from space 11264K, 8% used [0x00000000e2180000,0x00000000e226d868,0x00000000e2c80000)
  to   space 10752K, 0% used [0x00000000e2d00000,0x00000000e2d00000,0x00000000e3780000)
 ParOldGen       total 54272K, used 34807K [0x0000000081800000, 0x0000000084d00000, 0x00000000d5d80000)
  object space 54272K, 64% used [0x0000000081800000,0x00000000839fddd0,0x0000000084d00000)
 Metaspace       used 56644K, capacity 58943K, committed 59160K, reserved 1099776K
  class space    used 7548K, capacity 7974K, committed 7976K, reserved 1048576K
}
Event: 43.103 GC heap before
{Heap before GC invocations=16 (full 3):
 PSYoungGen      total 211968K, used 950K [0x00000000d5d80000, 0x00000000e3780000, 0x0000000100000000)
  eden space 200704K, 0% used [0x00000000d5d80000,0x00000000d5d80000,0x00000000e2180000)
  from space 11264K, 8% used [0x00000000e2180000,0x00000000e226d868,0x00000000e2c80000)
  to   space 10752K, 0% used [0x00000000e2d00000,0x00000000e2d00000,0x00000000e3780000)
 ParOldGen       total 54272K, used 34807K [0x0000000081800000, 0x0000000084d00000, 0x00000000d5d80000)
  object space 54272K, 64% used [0x0000000081800000,0x00000000839fddd0,0x0000000084d00000)
 Metaspace       used 56644K, capacity 58943K, committed 59160K, reserved 1099776K
  class space    used 7548K, capacity 7974K, committed 7976K, reserved 1048576K
Event: 43.526 GC heap after
Heap after GC invocations=16 (full 3):
 PSYoungGen      total 211968K, used 0K [0x00000000d5d80000, 0x00000000e3780000, 0x0000000100000000)
  eden space 200704K, 0% used [0x00000000d5d80000,0x00000000d5d80000,0x00000000e2180000)
  from space 11264K, 0% used [0x00000000e2180000,0x00000000e2180000,0x00000000e2c80000)
  to   space 10752K, 0% used [0x00000000e2d00000,0x00000000e2d00000,0x00000000e3780000)
 ParOldGen       total 78336K, used 26036K [0x0000000081800000, 0x0000000086480000, 0x00000000d5d80000)
  object space 78336K, 33% used [0x0000000081800000,0x000000008316d3e8,0x0000000086480000)
 Metaspace       used 56644K, capacity 58943K, committed 59160K, reserved 1099776K
  class space    used 7548K, capacity 7974K, committed 7976K, reserved 1048576K
}

